  Test.cpp
C:\Users\ifstu\Projects\execution\include\execution\basic_execution_branch.hpp(21,39): error C2512: 'execution::basic_execution_handle<execution::execution_traits<context::context>>': no appropriate default constructor available
C:\Users\ifstu\Projects\execution\include\execution\forward.hpp(8,21): message : see declaration of 'execution::basic_execution_handle<execution::execution_traits<context::context>>'
C:\Users\ifstu\Projects\execution\include\execution\basic_execution_branch.hpp(21): message : while compiling class template member function 'execution::basic_execution_branch<context::context,execution::execution_traits<context::context>,execution::handle>::basic_execution_branch(void)'
C:\Users\ifstu\Projects\execution\project_files\vs2019\x64_vs2019_execution\x64_vs2019_execution_test\Test.cpp(14): message : see reference to function template instantiation 'execution::basic_execution_branch<context::context,execution::execution_traits<context::context>,execution::handle>::basic_execution_branch(void)' being compiled
C:\Users\ifstu\Projects\execution\project_files\vs2019\x64_vs2019_execution\x64_vs2019_execution_test\Test.cpp(4): message : see reference to class template instantiation 'execution::basic_execution_branch<context::context,execution::execution_traits<context::context>,execution::handle>' being compiled
C:\Users\ifstu\Projects\execution\include\execution\basic_execution_branch.hpp(21,39): error C2530: 'execution::basic_execution_branch<context::context,execution::execution_traits<context::context>,execution::handle>::__M_branch_parent': references must be initialized
